<?xml version="1.0" encoding="UTF-8"?>
<!-- Generated by org.testng.reporters.JUnitReportReporter -->
<testsuite skipped="0" hostname="DESKTOP-O1KOTA3" name="com_Amazon_testCases.TC001_signIn" tests="1" failures="0" timestamp="25 Oct 2022 22:01:35 GMT" time="2.983" errors="0">
  <testcase name="signIn" time="2.983" classname="com_Amazon_testCases.TC001_signIn"/>
</testsuite> <!-- com_Amazon_testCases.TC001_signIn -->
